\BOOKMARK [1][-]{tableofcontents.1}{Indice}{}% 1
\BOOKMARK [1][-]{lof.1}{Elenco delle figure}{}% 2
\BOOKMARK [0][]{chapter.1}{1 Introduction}{}% 3
\BOOKMARK [0][]{chapter.2}{2 Altera Cyclone V VxWorks Boot}{}% 4
\BOOKMARK [1][-]{section.2.1}{2.1 Overview}{chapter.2}% 5
\BOOKMARK [1][-]{section.2.2}{2.2 Preloader}{chapter.2}% 6
\BOOKMARK [1][-]{section.2.3}{2.3 Bootloader}{chapter.2}% 7
\BOOKMARK [1][-]{section.2.4}{2.4 From scratch}{chapter.2}% 8
\BOOKMARK [2][-]{subsection.2.4.1}{2.4.1 Compiling the Hardware Design}{section.2.4}% 9
\BOOKMARK [2][-]{subsection.2.4.2}{2.4.2 Compiling the Preloader}{section.2.4}% 10
\BOOKMARK [2][-]{subsection.2.4.3}{2.4.3 Device Tree}{section.2.4}% 11
\BOOKMARK [2][-]{subsection.2.4.4}{2.4.4 Vivado}{section.2.4}% 12
\BOOKMARK [0][]{chapter.3}{3 Zedboard}{}% 13
\BOOKMARK [1][-]{section.3.1}{3.1 Overview}{chapter.3}% 14
\BOOKMARK [1][-]{section.3.2}{3.2 Building the kernel image}{chapter.3}% 15
\BOOKMARK [1][-]{section.3.3}{3.3 Generating the bootloader}{chapter.3}% 16
\BOOKMARK [2][-]{subsection.3.3.1}{3.3.1 Bootloader}{section.3.3}% 17
\BOOKMARK [2][-]{subsection.3.3.2}{3.3.2 Bootloader configuration}{section.3.3}% 18
\BOOKMARK [2][-]{subsection.3.3.3}{3.3.3 Errors and bugs}{section.3.3}% 19
\BOOKMARK [1][-]{section.3.4}{3.4 XMD console}{chapter.3}% 20
\BOOKMARK [2][-]{subsection.3.4.1}{3.4.1 Connected to the board}{section.3.4}% 21
\BOOKMARK [2][-]{subsection.3.4.2}{3.4.2 RAM busy}{section.3.4}% 22
\BOOKMARK [2][-]{subsection.3.4.3}{3.4.3 Missing component}{section.3.4}% 23
\BOOKMARK [2][-]{subsection.3.4.4}{3.4.4 Directly in RAM}{section.3.4}% 24
\BOOKMARK [0][]{chapter.4}{4 Another zedboard}{}% 25
\BOOKMARK [1][-]{section.4.1}{4.1 Wrong kernel image}{chapter.4}% 26
\BOOKMARK [1][-]{section.4.2}{4.2 U-BOOT}{chapter.4}% 27
\BOOKMARK [0][]{chapter.5}{5 Linux On Cyclone V}{}% 28
\BOOKMARK [1][-]{section.5.1}{5.1 Debug on Linux}{chapter.5}% 29
\BOOKMARK [0][]{chapter.6}{6 Conclusions}{}% 30
\BOOKMARK [-1][]{part.1}{Appendix}{}% 31
\BOOKMARK [0][]{appendix.Alph1}{A Online question}{part.1}% 32
\BOOKMARK [1][-]{section.Alph1.1}{A.1 VxWorks question}{appendix.Alph1}% 33
\BOOKMARK [1][-]{section.Alph1.2}{A.2 BlaBla question}{appendix.Alph1}% 34
\BOOKMARK [0][]{dummy.3}{Bibliografia}{part.1}% 35
